[05-Jun-2018 07:30:16 UTC] PHP Fatal error:  Allowed memory size of 268435456 bytes exhausted (tried to allocate 1871872 bytes) in /Users/sopa/Sites/accio/vendor/acciocms/core/src/app/Traits/MenuLinkTrait.php on line 751
[05-Jun-2018 07:49:40 UTC] PHP Fatal error:  Allowed memory size of 268435456 bytes exhausted (tried to allocate 262144 bytes) in /Users/sopa/Sites/accio/vendor/laravel/framework/src/Illuminate/Database/Eloquent/Concerns/HasAttributes.php on line 432
[05-Jun-2018 07:50:08 UTC] PHP Fatal error:  Allowed memory size of 268435456 bytes exhausted (tried to allocate 262144 bytes) in /Users/sopa/Sites/accio/vendor/laravel/framework/src/Illuminate/Database/Eloquent/Concerns/HasAttributes.php on line 432
[05-Jun-2018 07:51:52 UTC] PHP Fatal error:  Allowed memory size of 268435456 bytes exhausted (tried to allocate 1871872 bytes) in /Users/sopa/Sites/accio/vendor/acciocms/core/src/app/Traits/MenuLinkTrait.php on line 751
[05-Jun-2018 07:56:52 UTC] PHP Fatal error:  Allowed memory size of 268435456 bytes exhausted (tried to allocate 262144 bytes) in /Users/sopa/Sites/accio/vendor/laravel/framework/src/Illuminate/Database/Eloquent/Concerns/HasAttributes.php on line 432
[05-Jun-2018 07:57:09 UTC] PHP Fatal error:  Allowed memory size of 268435456 bytes exhausted (tried to allocate 262144 bytes) in /Users/sopa/Sites/accio/vendor/laravel/framework/src/Illuminate/Database/Eloquent/Concerns/HasAttributes.php on line 432
[05-Jun-2018 07:58:48 UTC] PHP Fatal error:  Allowed memory size of 268435456 bytes exhausted (tried to allocate 262144 bytes) in /Users/sopa/Sites/accio/vendor/laravel/framework/src/Illuminate/Database/Eloquent/Concerns/HasAttributes.php on line 432
[05-Jun-2018 11:07:04 UTC] PHP Fatal error:  Allowed memory size of 268435456 bytes exhausted (tried to allocate 262144 bytes) in /Users/sopa/Sites/accio/vendor/laravel/framework/src/Illuminate/Database/Eloquent/Concerns/HasAttributes.php on line 432
[05-Jun-2018 11:08:10 UTC] PHP Fatal error:  Allowed memory size of 268435456 bytes exhausted (tried to allocate 262144 bytes) in /Users/sopa/Sites/accio/vendor/acciocms/core/src/app/Models/PostModel.php on line 707
[05-Jun-2018 12:41:29 UTC] PHP Fatal error:  Allowed memory size of 268435456 bytes exhausted (tried to allocate 262144 bytes) in /Users/sopa/Sites/accio/vendor/acciocms/core/src/app/Models/PostModel.php on line 709
[06-Jun-2018 13:25:39 UTC] PHP Fatal error:  Allowed memory size of 268435456 bytes exhausted (tried to allocate 262144 bytes) in /Users/sopa/Sites/accio/vendor/laravel/framework/src/Illuminate/Database/Eloquent/Concerns/HasAttributes.php on line 445
[06-Jun-2018 13:25:47 UTC] PHP Fatal error:  Allowed memory size of 268435456 bytes exhausted (tried to allocate 262144 bytes) in /Users/sopa/Sites/accio/vendor/laravel/framework/src/Illuminate/Database/Eloquent/Concerns/HasAttributes.php on line 445
[06-Jun-2018 13:26:00 UTC] PHP Fatal error:  Allowed memory size of 268435456 bytes exhausted (tried to allocate 262144 bytes) in /Users/sopa/Sites/accio/vendor/laravel/framework/src/Illuminate/Database/Eloquent/Concerns/HasAttributes.php on line 445
[06-Jun-2018 13:26:07 UTC] PHP Fatal error:  Allowed memory size of 268435456 bytes exhausted (tried to allocate 262144 bytes) in /Users/sopa/Sites/accio/vendor/laravel/framework/src/Illuminate/Database/Eloquent/Concerns/HasAttributes.php on line 445
[06-Jun-2018 13:26:31 UTC] PHP Fatal error:  Allowed memory size of 268435456 bytes exhausted (tried to allocate 262144 bytes) in /Users/sopa/Sites/accio/vendor/laravel/framework/src/Illuminate/Database/Eloquent/Concerns/HasAttributes.php on line 445
[06-Jun-2018 13:26:38 UTC] PHP Fatal error:  Allowed memory size of 268435456 bytes exhausted (tried to allocate 262144 bytes) in /Users/sopa/Sites/accio/vendor/laravel/framework/src/Illuminate/Database/Eloquent/Concerns/HasAttributes.php on line 445
[06-Jun-2018 13:26:52 UTC] PHP Fatal error:  Allowed memory size of 268435456 bytes exhausted (tried to allocate 262144 bytes) in /Users/sopa/Sites/accio/vendor/laravel/framework/src/Illuminate/Database/Eloquent/Concerns/HasAttributes.php on line 445
[06-Jun-2018 13:26:59 UTC] PHP Fatal error:  Allowed memory size of 268435456 bytes exhausted (tried to allocate 262144 bytes) in /Users/sopa/Sites/accio/vendor/laravel/framework/src/Illuminate/Database/Eloquent/Concerns/HasAttributes.php on line 445
[06-Jun-2018 14:55:42 UTC] PHP Fatal error:  Cannot use [] for reading in /Users/sopa/Sites/accio/vendor/acciocms/core/src/app/Http/Controllers/Backend/BasePostController.php on line 376
[07-Jun-2018 16:21:13 UTC] PHP Fatal error:  Cannot redeclare Accio\App\Http\Controllers\Backend\BasePostController::advancedSearch() in /Users/sopa/Sites/accio/vendor/acciocms/core/src/app/Http/Controllers/Backend/BasePostController.php on line 959
[07-Jun-2018 16:21:16 UTC] PHP Fatal error:  Cannot redeclare Accio\App\Http\Controllers\Backend\BasePostController::advancedSearch() in /Users/sopa/Sites/accio/vendor/acciocms/core/src/app/Http/Controllers/Backend/BasePostController.php on line 959
[07-Jun-2018 16:55:38 UTC] PHP Fatal error:  Cannot redeclare Accio\App\Http\Controllers\Backend\BasePostController::advancedSearch() in /Users/sopa/Sites/accio/vendor/acciocms/core/src/app/Http/Controllers/Backend/BasePostController.php on line 960
[26-Jun-2018 09:46:20 UTC] PHP Fatal error:  Plugins\Accio\SEO\Plugin and Accio\App\Traits\CacheTrait define the same property ($model) in the composition of Plugins\Accio\SEO\Plugin. However, the definition differs and is considered incompatible. Class was composed in /Users/sopa/Sites/accio/plugins/Accio/SEO/Plugin.php on line 25
[26-Jun-2018 11:41:44 UTC] PHP Fatal error:  Cannot redeclare Accio\App\Models\CategoryModel::deleteCache() in /Users/sopa/Sites/accio/vendor/acciocms/core/src/app/Models/CategoryModel.php on line 393
[26-Jun-2018 11:42:05 UTC] PHP Fatal error:  Cannot redeclare Accio\App\Models\CategoryModel::deleteCache() in /Users/sopa/Sites/accio/vendor/acciocms/core/src/app/Models/CategoryModel.php on line 380
[26-Jun-2018 13:46:33 UTC] PHP Fatal error:  Trait method deleteCache has not been applied, because there are collisions with other trait methods on Accio\App\Models\PostModel in /Users/sopa/Sites/accio/vendor/acciocms/core/src/app/Models/PostModel.php on line 42
[26-Jun-2018 13:46:49 UTC] PHP Fatal error:  Trait method deleteCache has not been applied, because there are collisions with other trait methods on Accio\App\Models\PostModel in /Users/sopa/Sites/accio/vendor/acciocms/core/src/app/Models/PostModel.php on line 42
[26-Jun-2018 13:47:13 UTC] PHP Fatal error:  Trait method deleteCache has not been applied, because there are collisions with other trait methods on Accio\App\Models\PostModel in /Users/sopa/Sites/accio/vendor/acciocms/core/src/app/Models/PostModel.php on line 42
[02-Jul-2018 07:54:53 UTC] PHP Fatal error:  Class 'Accio\App\Controllers\Frontend\MainController' not found in /Users/sopa/Sites/accio/app/Http/Controllers/Frontend/MainController.php on line 10
[02-Jul-2018 07:55:25 UTC] PHP Fatal error:  Class 'Accio\App\Controllers\Frontend\MainController' not found in /Users/sopa/Sites/accio/app/Http/Controllers/Frontend/MainController.php on line 10
[02-Jul-2018 07:57:14 UTC] PHP Fatal error:  Class 'Accio\App\Controllers\Frontend\MainController' not found in /Users/sopa/Sites/accio/app/Http/Controllers/Frontend/MainController.php on line 10
[02-Jul-2018 07:58:08 UTC] PHP Fatal error:  Class 'Accio\App\Controllers\Frontend\MainController' not found in /Users/sopa/Sites/accio/app/Http/Controllers/Frontend/MainController.php on line 11
[02-Jul-2018 08:00:13 UTC] PHP Fatal error:  Class 'Accio\App\Controllers\Frontend\MainController' not found in /Users/sopa/Sites/accio/app/Http/Controllers/Frontend/MainController.php on line 10
[02-Jul-2018 08:00:54 UTC] PHP Fatal error:  Class 'Accio\App\Controllers\Frontend\MainController' not found in /Users/sopa/Sites/accio/app/Http/Controllers/Frontend/MainController.php on line 10
[02-Jul-2018 08:01:53 UTC] PHP Fatal error:  Class 'Accio\App\Controllers\Frontend\BaseMainController' not found in /Users/sopa/Sites/accio/app/Http/Controllers/Frontend/MainController.php on line 10
[02-Jul-2018 08:02:29 UTC] PHP Fatal error:  Class 'Accio\App\Controllers\Frontend\BaseMainController' not found in /Users/sopa/Sites/accio/app/Http/Controllers/Frontend/MainController.php on line 10
[02-Jul-2018 08:02:51 UTC] PHP Fatal error:  Class 'Accio\App\Controllers\Frontend\BaseMainController' not found in /Users/sopa/Sites/accio/app/Http/Controllers/Frontend/MainController.php on line 10
[02-Jul-2018 08:03:18 UTC] PHP Fatal error:  Class 'Accio\App\Controllers\Frontend\BaseMainController' not found in /Users/sopa/Sites/accio/app/Http/Controllers/Frontend/MainController.php on line 10
[02-Jul-2018 08:04:23 UTC] PHP Fatal error:  Class 'Accio\App\Controllers\Frontend\BaseMainController' not found in /Users/sopa/Sites/accio/app/Http/Controllers/Frontend/MainController.php on line 10
[03-Jul-2018 12:52:09 UTC] PHP Fatal error:  Cannot redeclare Accio\App\Traits\CacheTrait::limitCache() in /Users/sopa/Sites/accio/vendor/acciocms/core/src/App/Traits/CacheTrait.php on line 475
[03-Jul-2018 12:52:19 UTC] PHP Fatal error:  Accio\App\Models\PostModel and Accio\App\Traits\CacheTrait define the same property ($limitCache) in the composition of Accio\App\Models\PostModel. However, the definition differs and is considered incompatible. Class was composed in /Users/sopa/Sites/accio/vendor/acciocms/core/src/app/Models/PostModel.php on line 42
[03-Jul-2018 12:53:02 UTC] PHP Fatal error:  Accio\App\Models\PostModel and Accio\App\Traits\CacheTrait define the same property ($limitCache) in the composition of Accio\App\Models\PostModel. However, the definition differs and is considered incompatible. Class was composed in /Users/sopa/Sites/accio/vendor/acciocms/core/src/app/Models/PostModel.php on line 42
[04-Jul-2018 07:49:43 UTC] PHP Fatal error:  Cannot use lexical variable $postObj as a parameter name in /Users/sopa/Sites/accio/vendor/acciocms/core/src/app/Models/PostModel.php on line 365
[04-Jul-2018 07:49:50 UTC] PHP Fatal error:  Cannot use lexical variable $postObj as a parameter name in /Users/sopa/Sites/accio/vendor/acciocms/core/src/app/Models/PostModel.php on line 365
[12-Jul-2018 23:13:20 Europe/Paris] PHP Fatal error:  Allowed memory size of 268435456 bytes exhausted (tried to allocate 264245248 bytes) in /Users/sopa/Sites/accio/vendor/laravel/framework/src/Illuminate/Auth/SessionGuard.php on line 129
[12-Jul-2018 23:13:33 Europe/Paris] PHP Fatal error:  Allowed memory size of 268435456 bytes exhausted (tried to allocate 266342400 bytes) in /Users/sopa/Sites/accio/vendor/laravel/framework/src/Illuminate/Auth/SessionGuard.php on line 129
